<?xml version="1.0" encoding="UTF-8"?>
<!-- Generated by org.testng.reporters.JUnitXMLReporter -->
<testsuite ignored="0" hostname="P2E-0310" failures="6" tests="18" name="NameFieldValidationTests" time="743.576" errors="0" timestamp="2026-03-25T12:21:18 IST">
  <testcase classname="tests.LoginTest" name="validateMobileFlow" time="47.968"/>
  <testcase classname="tests.LoginTest" name="validateMobileFlow" time="19.682"/>
  <testcase classname="tests.LoginTest" name="validateMobileFlow" time="33.733"/>
  <testcase classname="tests.LoginTest" name="validateMobileFlow" time="18.873"/>
  <testcase classname="tests.LoginTest" name="validateMobileFlow" time="29.601"/>
  <testcase classname="tests.LoginTest" name="validateMobileFlow" time="29.075"/>
  <testcase classname="tests.LoginTest" name="validateMobileFlow" time="27.506"/>
  <testcase classname="tests.LoginTest" name="validateNameFlow" time="31.761"/>
  <testcase classname="tests.LoginTest" name="validateNameFlow" time="31.81">
    <failure type="java.lang.AssertionError" message="NAME_TC_02 - Invalid input navigated to mobile screen. This is FAIL by rule. expected [false] but found [true]">
      <![CDATA[java.lang.AssertionError: NAME_TC_02 - Invalid input navigated to mobile screen. This is FAIL by rule. expected [false] but found [true]
at tests.LoginTest.validateNameFlow(LoginTest.java:89)
at java.base/java.util.ArrayList.forEach(ArrayList.java:1604)
... Removed 32 stack frames]]>
    </failure>
  </testcase> <!-- validateNameFlow -->
  <testcase classname="tests.LoginTest" name="validateNameFlow" time="31.776">
    <failure type="java.lang.AssertionError" message="NAME_TC_03 - Invalid input navigated to mobile screen. This is FAIL by rule. expected [false] but found [true]">
      <![CDATA[java.lang.AssertionError: NAME_TC_03 - Invalid input navigated to mobile screen. This is FAIL by rule. expected [false] but found [true]
at tests.LoginTest.validateNameFlow(LoginTest.java:89)
at java.base/java.util.ArrayList.forEach(ArrayList.java:1604)
... Removed 32 stack frames]]>
    </failure>
  </testcase> <!-- validateNameFlow -->
  <testcase classname="tests.LoginTest" name="validateNameFlow" time="31.914">
    <failure type="java.lang.AssertionError" message="NAME_TC_04 - Invalid input navigated to mobile screen. This is FAIL by rule. expected [false] but found [true]">
      <![CDATA[java.lang.AssertionError: NAME_TC_04 - Invalid input navigated to mobile screen. This is FAIL by rule. expected [false] but found [true]
at tests.LoginTest.validateNameFlow(LoginTest.java:89)
at java.base/java.util.ArrayList.forEach(ArrayList.java:1604)
... Removed 32 stack frames]]>
    </failure>
  </testcase> <!-- validateNameFlow -->
  <testcase classname="tests.LoginTest" name="validateNameFlow" time="32.903"/>
  <testcase classname="tests.LoginTest" name="validateNameFlow" time="31.273"/>
  <testcase classname="tests.LoginTest" name="validateNameFlow" time="20.862"/>
  <testcase classname="tests.LoginTest" name="validateNameFlow" time="21.844"/>
  <testcase classname="tests.LoginTest" name="validateNameFlow" time="32.157">
    <failure type="java.lang.AssertionError" message="NAME_TC_09 - Invalid input navigated to mobile screen. This is FAIL by rule. expected [false] but found [true]">
      <![CDATA[java.lang.AssertionError: NAME_TC_09 - Invalid input navigated to mobile screen. This is FAIL by rule. expected [false] but found [true]
at tests.LoginTest.validateNameFlow(LoginTest.java:89)
at java.base/java.util.ArrayList.forEach(ArrayList.java:1604)
... Removed 32 stack frames]]>
    </failure>
  </testcase> <!-- validateNameFlow -->
  <testcase classname="tests.LoginTest" name="validateNameFlow" time="31.951">
    <failure type="java.lang.AssertionError" message="NAME_TC_10 - Invalid input navigated to mobile screen. This is FAIL by rule. expected [false] but found [true]">
      <![CDATA[java.lang.AssertionError: NAME_TC_10 - Invalid input navigated to mobile screen. This is FAIL by rule. expected [false] but found [true]
at tests.LoginTest.validateNameFlow(LoginTest.java:89)
at java.base/java.util.ArrayList.forEach(ArrayList.java:1604)
... Removed 32 stack frames]]>
    </failure>
  </testcase> <!-- validateNameFlow -->
  <testcase classname="tests.LoginTest" name="validateNameFlow" time="31.734">
    <failure type="java.lang.AssertionError" message="NAME_TC_11 - Invalid input navigated to mobile screen. This is FAIL by rule. expected [false] but found [true]">
      <![CDATA[java.lang.AssertionError: NAME_TC_11 - Invalid input navigated to mobile screen. This is FAIL by rule. expected [false] but found [true]
at tests.LoginTest.validateNameFlow(LoginTest.java:89)
at java.base/java.util.ArrayList.forEach(ArrayList.java:1604)
... Removed 32 stack frames]]>
    </failure>
  </testcase> <!-- validateNameFlow -->
</testsuite> <!-- NameFieldValidationTests -->
