<?xml version="1.0" encoding="UTF-8"?>
<!-- Generated by org.testng.reporters.JUnitXMLReporter -->
<testsuite ignored="1" hostname="P2E-0310" failures="6" tests="11" name="Surefire test" time="691.94" errors="0" timestamp="2026-03-23T15:47:21 IST">
  <testcase classname="tests.LoginTest" name="validateNameFlow" time="52.666"/>
  <testcase classname="tests.LoginTest" name="validateNameFlow" time="48.697">
    <failure type="java.lang.AssertionError" message="NAME_TC_02 - Invalid input navigated to mobile screen. This is FAIL by rule. expected [false] but found [true]">
      <![CDATA[java.lang.AssertionError: NAME_TC_02 - Invalid input navigated to mobile screen. This is FAIL by rule. expected [false] but found [true]
at tests.LoginTest.validateNameFlow(LoginTest.java:89)
at java.base/java.util.ArrayList.forEach(ArrayList.java:1604)
... Removed 33 stack frames]]>
    </failure>
  </testcase> <!-- validateNameFlow -->
  <testcase classname="tests.LoginTest" name="validateNameFlow" time="44.019">
    <failure type="java.lang.AssertionError" message="NAME_TC_03 - Invalid input navigated to mobile screen. This is FAIL by rule. expected [false] but found [true]">
      <![CDATA[java.lang.AssertionError: NAME_TC_03 - Invalid input navigated to mobile screen. This is FAIL by rule. expected [false] but found [true]
at tests.LoginTest.validateNameFlow(LoginTest.java:89)
at java.base/java.util.ArrayList.forEach(ArrayList.java:1604)
... Removed 33 stack frames]]>
    </failure>
  </testcase> <!-- validateNameFlow -->
  <testcase classname="tests.LoginTest" name="validateNameFlow" time="42.769">
    <failure type="java.lang.AssertionError" message="NAME_TC_04 - Invalid input navigated to mobile screen. This is FAIL by rule. expected [false] but found [true]">
      <![CDATA[java.lang.AssertionError: NAME_TC_04 - Invalid input navigated to mobile screen. This is FAIL by rule. expected [false] but found [true]
at tests.LoginTest.validateNameFlow(LoginTest.java:89)
at java.base/java.util.ArrayList.forEach(ArrayList.java:1604)
... Removed 33 stack frames]]>
    </failure>
  </testcase> <!-- validateNameFlow -->
  <testcase classname="tests.LoginTest" name="validateNameFlow" time="45.742"/>
  <testcase classname="tests.LoginTest" name="validateNameFlow" time="41.41"/>
  <testcase classname="tests.LoginTest" name="validateNameFlow" time="32.896"/>
  <testcase classname="tests.LoginTest" name="validateNameFlow" time="31.573"/>
  <testcase classname="tests.LoginTest" name="validateNameFlow" time="41.375">
    <failure type="java.lang.AssertionError" message="NAME_TC_09 - Invalid input navigated to mobile screen. This is FAIL by rule. expected [false] but found [true]">
      <![CDATA[java.lang.AssertionError: NAME_TC_09 - Invalid input navigated to mobile screen. This is FAIL by rule. expected [false] but found [true]
at tests.LoginTest.validateNameFlow(LoginTest.java:89)
at java.base/java.util.ArrayList.forEach(ArrayList.java:1604)
... Removed 33 stack frames]]>
    </failure>
  </testcase> <!-- validateNameFlow -->
  <testcase classname="tests.LoginTest" name="validateNameFlow" time="43.808">
    <failure type="java.lang.AssertionError" message="NAME_TC_10 - Invalid input navigated to mobile screen. This is FAIL by rule. expected [false] but found [true]">
      <![CDATA[java.lang.AssertionError: NAME_TC_10 - Invalid input navigated to mobile screen. This is FAIL by rule. expected [false] but found [true]
at tests.LoginTest.validateNameFlow(LoginTest.java:89)
at java.base/java.util.ArrayList.forEach(ArrayList.java:1604)
... Removed 33 stack frames]]>
    </failure>
  </testcase> <!-- validateNameFlow -->
  <testcase classname="tests.LoginTest" name="validateNameFlow" time="44.688">
    <failure type="java.lang.AssertionError" message="NAME_TC_11 - Invalid input navigated to mobile screen. This is FAIL by rule. expected [false] but found [true]">
      <![CDATA[java.lang.AssertionError: NAME_TC_11 - Invalid input navigated to mobile screen. This is FAIL by rule. expected [false] but found [true]
at tests.LoginTest.validateNameFlow(LoginTest.java:89)
at java.base/java.util.ArrayList.forEach(ArrayList.java:1604)
... Removed 33 stack frames]]>
    </failure>
  </testcase> <!-- validateNameFlow -->
  <testcase classname="tests.LoginTest" name="validateMobileFlow" time="0.0">
    <ignored/>
  </testcase> <!-- validateMobileFlow -->
</testsuite> <!-- Surefire test -->
