<?xml version="1.0" encoding="UTF-8"?>
<testng-results ignored="0" total="18" passed="12" failed="6" skipped="0">
  <reporter-output>
  </reporter-output>
  <suite started-at="2026-03-25T12:08:53 IST" name="StoexSuite" finished-at="2026-03-25T12:21:16 IST" duration-ms="743576">
    <groups>
    </groups>
    <test started-at="2026-03-25T12:08:53 IST" name="NameFieldValidationTests" finished-at="2026-03-25T12:21:16 IST" duration-ms="743576">
      <class name="tests.LoginTest">
        <test-method is-config="true" signature="setup()[pri:0, instance:tests.LoginTest@1a942c18]" started-at="2026-03-25T12:08:53 IST" name="setup" finished-at="2026-03-25T12:09:40 IST" duration-ms="47113" status="PASS">
          <reporter-output>
          </reporter-output>
        </test-method> <!-- setup -->
        <test-method signature="validateMobileFlow(java.lang.String,java.lang.String,java.lang.String,boolean)[pri:0, instance:tests.LoginTest@1a942c18]" started-at="2026-03-25T12:09:40 IST" name="validateMobileFlow" data-provider="mobileValidationCases" finished-at="2026-03-25T12:10:28 IST" duration-ms="47968" status="PASS">
          <params>
            <param index="0">
              <value>
                <![CDATA[MOB_TC_01]]>
              </value>
            </param>
            <param index="1">
              <value>
                <![CDATA[Valid 10-digit number]]>
              </value>
            </param>
            <param index="2">
              <value>
                <![CDATA[9876543210]]>
              </value>
            </param>
            <param index="3">
              <value>
                <![CDATA[true]]>
              </value>
            </param>
          </params>
          <reporter-output>
          </reporter-output>
        </test-method> <!-- validateMobileFlow -->
        <test-method is-config="true" signature="tearDown()[pri:0, instance:tests.LoginTest@1a942c18]" started-at="2026-03-25T12:10:30 IST" name="tearDown" finished-at="2026-03-25T12:10:32 IST" duration-ms="2195" status="PASS">
          <reporter-output>
          </reporter-output>
        </test-method> <!-- tearDown -->
        <test-method is-config="true" signature="setup()[pri:0, instance:tests.LoginTest@1a942c18]" started-at="2026-03-25T12:10:32 IST" name="setup" finished-at="2026-03-25T12:10:44 IST" duration-ms="11741" status="PASS">
          <reporter-output>
          </reporter-output>
        </test-method> <!-- setup -->
        <test-method signature="validateMobileFlow(java.lang.String,java.lang.String,java.lang.String,boolean)[pri:0, instance:tests.LoginTest@1a942c18]" started-at="2026-03-25T12:10:44 IST" name="validateMobileFlow" data-provider="mobileValidationCases" finished-at="2026-03-25T12:11:04 IST" duration-ms="19682" status="PASS">
          <params>
            <param index="0">
              <value>
                <![CDATA[MOB_TC_02]]>
              </value>
            </param>
            <param index="1">
              <value>
                <![CDATA[Leading zero number (invalid as per rule set)]]>
              </value>
            </param>
            <param index="2">
              <value>
                <![CDATA[0987654321]]>
              </value>
            </param>
            <param index="3">
              <value>
                <![CDATA[false]]>
              </value>
            </param>
          </params>
          <reporter-output>
          </reporter-output>
        </test-method> <!-- validateMobileFlow -->
        <test-method is-config="true" signature="tearDown()[pri:0, instance:tests.LoginTest@1a942c18]" started-at="2026-03-25T12:11:05 IST" name="tearDown" finished-at="2026-03-25T12:11:06 IST" duration-ms="1104" status="PASS">
          <reporter-output>
          </reporter-output>
        </test-method> <!-- tearDown -->
        <test-method is-config="true" signature="setup()[pri:0, instance:tests.LoginTest@1a942c18]" started-at="2026-03-25T12:11:06 IST" name="setup" finished-at="2026-03-25T12:11:13 IST" duration-ms="7643" status="PASS">
          <reporter-output>
          </reporter-output>
        </test-method> <!-- setup -->
        <test-method signature="validateMobileFlow(java.lang.String,java.lang.String,java.lang.String,boolean)[pri:0, instance:tests.LoginTest@1a942c18]" started-at="2026-03-25T12:11:13 IST" name="validateMobileFlow" data-provider="mobileValidationCases" finished-at="2026-03-25T12:11:47 IST" duration-ms="33733" status="PASS">
          <params>
            <param index="0">
              <value>
                <![CDATA[MOB_TC_03]]>
              </value>
            </param>
            <param index="1">
              <value>
                <![CDATA[Less than 10 digits]]>
              </value>
            </param>
            <param index="2">
              <value>
                <![CDATA[12345]]>
              </value>
            </param>
            <param index="3">
              <value>
                <![CDATA[false]]>
              </value>
            </param>
          </params>
          <reporter-output>
          </reporter-output>
        </test-method> <!-- validateMobileFlow -->
        <test-method is-config="true" signature="tearDown()[pri:0, instance:tests.LoginTest@1a942c18]" started-at="2026-03-25T12:11:48 IST" name="tearDown" finished-at="2026-03-25T12:11:49 IST" duration-ms="1159" status="PASS">
          <reporter-output>
          </reporter-output>
        </test-method> <!-- tearDown -->
        <test-method is-config="true" signature="setup()[pri:0, instance:tests.LoginTest@1a942c18]" started-at="2026-03-25T12:11:49 IST" name="setup" finished-at="2026-03-25T12:12:00 IST" duration-ms="10927" status="PASS">
          <reporter-output>
          </reporter-output>
        </test-method> <!-- setup -->
        <test-method signature="validateMobileFlow(java.lang.String,java.lang.String,java.lang.String,boolean)[pri:0, instance:tests.LoginTest@1a942c18]" started-at="2026-03-25T12:12:00 IST" name="validateMobileFlow" data-provider="mobileValidationCases" finished-at="2026-03-25T12:12:19 IST" duration-ms="18873" status="PASS">
          <params>
            <param index="0">
              <value>
                <![CDATA[MOB_TC_04]]>
              </value>
            </param>
            <param index="1">
              <value>
                <![CDATA[More than 10 digits]]>
              </value>
            </param>
            <param index="2">
              <value>
                <![CDATA[123456789012]]>
              </value>
            </param>
            <param index="3">
              <value>
                <![CDATA[false]]>
              </value>
            </param>
          </params>
          <reporter-output>
          </reporter-output>
        </test-method> <!-- validateMobileFlow -->
        <test-method is-config="true" signature="tearDown()[pri:0, instance:tests.LoginTest@1a942c18]" started-at="2026-03-25T12:12:20 IST" name="tearDown" finished-at="2026-03-25T12:12:21 IST" duration-ms="1308" status="PASS">
          <reporter-output>
          </reporter-output>
        </test-method> <!-- tearDown -->
        <test-method is-config="true" signature="setup()[pri:0, instance:tests.LoginTest@1a942c18]" started-at="2026-03-25T12:12:21 IST" name="setup" finished-at="2026-03-25T12:12:28 IST" duration-ms="7023" status="PASS">
          <reporter-output>
          </reporter-output>
        </test-method> <!-- setup -->
        <test-method signature="validateMobileFlow(java.lang.String,java.lang.String,java.lang.String,boolean)[pri:0, instance:tests.LoginTest@1a942c18]" started-at="2026-03-25T12:12:28 IST" name="validateMobileFlow" data-provider="mobileValidationCases" finished-at="2026-03-25T12:12:58 IST" duration-ms="29601" status="PASS">
          <params>
            <param index="0">
              <value>
                <![CDATA[MOB_TC_05]]>
              </value>
            </param>
            <param index="1">
              <value>
                <![CDATA[Alphabets]]>
              </value>
            </param>
            <param index="2">
              <value>
                <![CDATA[abcdefghij]]>
              </value>
            </param>
            <param index="3">
              <value>
                <![CDATA[false]]>
              </value>
            </param>
          </params>
          <reporter-output>
          </reporter-output>
        </test-method> <!-- validateMobileFlow -->
        <test-method is-config="true" signature="tearDown()[pri:0, instance:tests.LoginTest@1a942c18]" started-at="2026-03-25T12:12:59 IST" name="tearDown" finished-at="2026-03-25T12:13:01 IST" duration-ms="1243" status="PASS">
          <reporter-output>
          </reporter-output>
        </test-method> <!-- tearDown -->
        <test-method is-config="true" signature="setup()[pri:0, instance:tests.LoginTest@1a942c18]" started-at="2026-03-25T12:13:01 IST" name="setup" finished-at="2026-03-25T12:13:08 IST" duration-ms="7836" status="PASS">
          <reporter-output>
          </reporter-output>
        </test-method> <!-- setup -->
        <test-method signature="validateMobileFlow(java.lang.String,java.lang.String,java.lang.String,boolean)[pri:0, instance:tests.LoginTest@1a942c18]" started-at="2026-03-25T12:13:08 IST" name="validateMobileFlow" data-provider="mobileValidationCases" finished-at="2026-03-25T12:13:37 IST" duration-ms="29075" status="PASS">
          <params>
            <param index="0">
              <value>
                <![CDATA[MOB_TC_06]]>
              </value>
            </param>
            <param index="1">
              <value>
                <![CDATA[Special characters]]>
              </value>
            </param>
            <param index="2">
              <value>
                <![CDATA[@#$%^&*()!]]>
              </value>
            </param>
            <param index="3">
              <value>
                <![CDATA[false]]>
              </value>
            </param>
          </params>
          <reporter-output>
          </reporter-output>
        </test-method> <!-- validateMobileFlow -->
        <test-method is-config="true" signature="tearDown()[pri:0, instance:tests.LoginTest@1a942c18]" started-at="2026-03-25T12:13:39 IST" name="tearDown" finished-at="2026-03-25T12:13:40 IST" duration-ms="1139" status="PASS">
          <reporter-output>
          </reporter-output>
        </test-method> <!-- tearDown -->
        <test-method is-config="true" signature="setup()[pri:0, instance:tests.LoginTest@1a942c18]" started-at="2026-03-25T12:13:40 IST" name="setup" finished-at="2026-03-25T12:13:47 IST" duration-ms="7561" status="PASS">
          <reporter-output>
          </reporter-output>
        </test-method> <!-- setup -->
        <test-method signature="validateMobileFlow(java.lang.String,java.lang.String,java.lang.String,boolean)[pri:0, instance:tests.LoginTest@1a942c18]" started-at="2026-03-25T12:13:47 IST" name="validateMobileFlow" data-provider="mobileValidationCases" finished-at="2026-03-25T12:14:15 IST" duration-ms="27506" status="PASS">
          <params>
            <param index="0">
              <value>
                <![CDATA[MOB_TC_07]]>
              </value>
            </param>
            <param index="1">
              <value>
                <![CDATA[Only spaces]]>
              </value>
            </param>
            <param index="2">
              <value>
                <![CDATA[          ]]>
              </value>
            </param>
            <param index="3">
              <value>
                <![CDATA[false]]>
              </value>
            </param>
          </params>
          <reporter-output>
          </reporter-output>
        </test-method> <!-- validateMobileFlow -->
        <test-method is-config="true" signature="tearDown()[pri:0, instance:tests.LoginTest@1a942c18]" started-at="2026-03-25T12:14:15 IST" name="tearDown" finished-at="2026-03-25T12:14:16 IST" duration-ms="980" status="PASS">
          <reporter-output>
          </reporter-output>
        </test-method> <!-- tearDown -->
        <test-method is-config="true" signature="setup()[pri:0, instance:tests.LoginTest@1a942c18]" started-at="2026-03-25T12:14:16 IST" name="setup" finished-at="2026-03-25T12:14:23 IST" duration-ms="6295" status="PASS">
          <reporter-output>
          </reporter-output>
        </test-method> <!-- setup -->
        <test-method signature="validateNameFlow(java.lang.String,java.lang.String,java.lang.String,java.lang.String,boolean)[pri:0, instance:tests.LoginTest@1a942c18]" started-at="2026-03-25T12:14:23 IST" name="validateNameFlow" data-provider="nameValidationCases" finished-at="2026-03-25T12:14:54 IST" duration-ms="31761" status="PASS">
          <params>
            <param index="0">
              <value>
                <![CDATA[NAME_TC_01]]>
              </value>
            </param>
            <param index="1">
              <value>
                <![CDATA[Valid standard name]]>
              </value>
            </param>
            <param index="2">
              <value>
                <![CDATA[Yash]]>
              </value>
            </param>
            <param index="3">
              <value>
                <![CDATA[Dhiman]]>
              </value>
            </param>
            <param index="4">
              <value>
                <![CDATA[true]]>
              </value>
            </param>
          </params>
          <reporter-output>
          </reporter-output>
        </test-method> <!-- validateNameFlow -->
        <test-method is-config="true" signature="tearDown()[pri:0, instance:tests.LoginTest@1a942c18]" started-at="2026-03-25T12:14:55 IST" name="tearDown" finished-at="2026-03-25T12:14:56 IST" duration-ms="857" status="PASS">
          <reporter-output>
          </reporter-output>
        </test-method> <!-- tearDown -->
        <test-method is-config="true" signature="setup()[pri:0, instance:tests.LoginTest@1a942c18]" started-at="2026-03-25T12:14:56 IST" name="setup" finished-at="2026-03-25T12:15:03 IST" duration-ms="6690" status="PASS">
          <reporter-output>
          </reporter-output>
        </test-method> <!-- setup -->
        <test-method signature="validateNameFlow(java.lang.String,java.lang.String,java.lang.String,java.lang.String,boolean)[pri:0, instance:tests.LoginTest@1a942c18]" started-at="2026-03-25T12:15:03 IST" name="validateNameFlow" data-provider="nameValidationCases" finished-at="2026-03-25T12:15:34 IST" duration-ms="31810" status="FAIL">
          <params>
            <param index="0">
              <value>
                <![CDATA[NAME_TC_02]]>
              </value>
            </param>
            <param index="1">
              <value>
                <![CDATA[Single chars (negative test case)]]>
              </value>
            </param>
            <param index="2">
              <value>
                <![CDATA[A]]>
              </value>
            </param>
            <param index="3">
              <value>
                <![CDATA[B]]>
              </value>
            </param>
            <param index="4">
              <value>
                <![CDATA[false]]>
              </value>
            </param>
          </params>
          <exception class="java.lang.AssertionError">
            <message>
              <![CDATA[NAME_TC_02 - Invalid input navigated to mobile screen. This is FAIL by rule. expected [false] but found [true]]]>
            </message>
            <full-stacktrace>
              <![CDATA[java.lang.AssertionError: NAME_TC_02 - Invalid input navigated to mobile screen. This is FAIL by rule. expected [false] but found [true]
at org.testng.Assert.fail(Assert.java:111)
at org.testng.Assert.failNotEquals(Assert.java:1578)
at org.testng.Assert.assertFalse(Assert.java:79)
at tests.LoginTest.validateNameFlow(LoginTest.java:89)
at java.base/jdk.internal.reflect.DirectMethodHandleAccessor.invoke(DirectMethodHandleAccessor.java:104)
at java.base/java.lang.reflect.Method.invoke(Method.java:565)
at org.testng.internal.invokers.MethodInvocationHelper.invokeMethod(MethodInvocationHelper.java:141)
at org.testng.internal.invokers.TestInvoker.invokeMethod(TestInvoker.java:686)
at org.testng.internal.invokers.TestInvoker.invokeTestMethod(TestInvoker.java:230)
at org.testng.internal.invokers.MethodRunner.runInSequence(MethodRunner.java:63)
at org.testng.internal.invokers.TestInvoker$MethodInvocationAgent.invoke(TestInvoker.java:992)
at org.testng.internal.invokers.TestInvoker.invokeTestMethods(TestInvoker.java:203)
at org.testng.internal.invokers.TestMethodWorker.invokeTestMethods(TestMethodWorker.java:154)
at org.testng.internal.invokers.TestMethodWorker.run(TestMethodWorker.java:134)
at java.base/java.util.ArrayList.forEach(ArrayList.java:1604)
at org.testng.TestRunner.privateRun(TestRunner.java:739)
at org.testng.TestRunner.run(TestRunner.java:614)
at org.testng.SuiteRunner.runTest(SuiteRunner.java:421)
at org.testng.SuiteRunner.runSequentially(SuiteRunner.java:413)
at org.testng.SuiteRunner.privateRun(SuiteRunner.java:373)
at org.testng.SuiteRunner.run(SuiteRunner.java:312)
at org.testng.SuiteRunnerWorker.runSuite(SuiteRunnerWorker.java:52)
at org.testng.SuiteRunnerWorker.run(SuiteRunnerWorker.java:95)
at org.testng.TestNG.runSuitesSequentially(TestNG.java:1274)
at org.testng.TestNG.runSuitesLocally(TestNG.java:1208)
at org.testng.TestNG.runSuites(TestNG.java:1112)
at org.testng.TestNG.run(TestNG.java:1079)
at org.apache.maven.surefire.testng.TestNGExecutor.run(TestNGExecutor.java:308)
at org.apache.maven.surefire.testng.TestNGXmlTestSuite.execute(TestNGXmlTestSuite.java:71)
at org.apache.maven.surefire.testng.TestNGProvider.invoke(TestNGProvider.java:113)
at org.apache.maven.surefire.booter.ForkedBooter.runSuitesInProcess(ForkedBooter.java:385)
at org.apache.maven.surefire.booter.ForkedBooter.execute(ForkedBooter.java:162)
at org.apache.maven.surefire.booter.ForkedBooter.run(ForkedBooter.java:507)
at org.apache.maven.surefire.booter.ForkedBooter.main(ForkedBooter.java:495)
]]>
            </full-stacktrace>
          </exception> <!-- java.lang.AssertionError -->
          <reporter-output>
          </reporter-output>
        </test-method> <!-- validateNameFlow -->
        <test-method is-config="true" signature="tearDown()[pri:0, instance:tests.LoginTest@1a942c18]" started-at="2026-03-25T12:15:35 IST" name="tearDown" finished-at="2026-03-25T12:15:36 IST" duration-ms="835" status="PASS">
          <reporter-output>
          </reporter-output>
        </test-method> <!-- tearDown -->
        <test-method is-config="true" signature="setup()[pri:0, instance:tests.LoginTest@1a942c18]" started-at="2026-03-25T12:15:36 IST" name="setup" finished-at="2026-03-25T12:15:42 IST" duration-ms="6412" status="PASS">
          <reporter-output>
          </reporter-output>
        </test-method> <!-- setup -->
        <test-method signature="validateNameFlow(java.lang.String,java.lang.String,java.lang.String,java.lang.String,boolean)[pri:0, instance:tests.LoginTest@1a942c18]" started-at="2026-03-25T12:15:42 IST" name="validateNameFlow" data-provider="nameValidationCases" finished-at="2026-03-25T12:16:14 IST" duration-ms="31776" status="FAIL">
          <params>
            <param index="0">
              <value>
                <![CDATA[NAME_TC_03]]>
              </value>
            </param>
            <param index="1">
              <value>
                <![CDATA[Small chars (negative test case)]]>
              </value>
            </param>
            <param index="2">
              <value>
                <![CDATA[ab]]>
              </value>
            </param>
            <param index="3">
              <value>
                <![CDATA[cd]]>
              </value>
            </param>
            <param index="4">
              <value>
                <![CDATA[false]]>
              </value>
            </param>
          </params>
          <exception class="java.lang.AssertionError">
            <message>
              <![CDATA[NAME_TC_03 - Invalid input navigated to mobile screen. This is FAIL by rule. expected [false] but found [true]]]>
            </message>
            <full-stacktrace>
              <![CDATA[java.lang.AssertionError: NAME_TC_03 - Invalid input navigated to mobile screen. This is FAIL by rule. expected [false] but found [true]
at org.testng.Assert.fail(Assert.java:111)
at org.testng.Assert.failNotEquals(Assert.java:1578)
at org.testng.Assert.assertFalse(Assert.java:79)
at tests.LoginTest.validateNameFlow(LoginTest.java:89)
at java.base/jdk.internal.reflect.DirectMethodHandleAccessor.invoke(DirectMethodHandleAccessor.java:104)
at java.base/java.lang.reflect.Method.invoke(Method.java:565)
at org.testng.internal.invokers.MethodInvocationHelper.invokeMethod(MethodInvocationHelper.java:141)
at org.testng.internal.invokers.TestInvoker.invokeMethod(TestInvoker.java:686)
at org.testng.internal.invokers.TestInvoker.invokeTestMethod(TestInvoker.java:230)
at org.testng.internal.invokers.MethodRunner.runInSequence(MethodRunner.java:63)
at org.testng.internal.invokers.TestInvoker$MethodInvocationAgent.invoke(TestInvoker.java:992)
at org.testng.internal.invokers.TestInvoker.invokeTestMethods(TestInvoker.java:203)
at org.testng.internal.invokers.TestMethodWorker.invokeTestMethods(TestMethodWorker.java:154)
at org.testng.internal.invokers.TestMethodWorker.run(TestMethodWorker.java:134)
at java.base/java.util.ArrayList.forEach(ArrayList.java:1604)
at org.testng.TestRunner.privateRun(TestRunner.java:739)
at org.testng.TestRunner.run(TestRunner.java:614)
at org.testng.SuiteRunner.runTest(SuiteRunner.java:421)
at org.testng.SuiteRunner.runSequentially(SuiteRunner.java:413)
at org.testng.SuiteRunner.privateRun(SuiteRunner.java:373)
at org.testng.SuiteRunner.run(SuiteRunner.java:312)
at org.testng.SuiteRunnerWorker.runSuite(SuiteRunnerWorker.java:52)
at org.testng.SuiteRunnerWorker.run(SuiteRunnerWorker.java:95)
at org.testng.TestNG.runSuitesSequentially(TestNG.java:1274)
at org.testng.TestNG.runSuitesLocally(TestNG.java:1208)
at org.testng.TestNG.runSuites(TestNG.java:1112)
at org.testng.TestNG.run(TestNG.java:1079)
at org.apache.maven.surefire.testng.TestNGExecutor.run(TestNGExecutor.java:308)
at org.apache.maven.surefire.testng.TestNGXmlTestSuite.execute(TestNGXmlTestSuite.java:71)
at org.apache.maven.surefire.testng.TestNGProvider.invoke(TestNGProvider.java:113)
at org.apache.maven.surefire.booter.ForkedBooter.runSuitesInProcess(ForkedBooter.java:385)
at org.apache.maven.surefire.booter.ForkedBooter.execute(ForkedBooter.java:162)
at org.apache.maven.surefire.booter.ForkedBooter.run(ForkedBooter.java:507)
at org.apache.maven.surefire.booter.ForkedBooter.main(ForkedBooter.java:495)
]]>
            </full-stacktrace>
          </exception> <!-- java.lang.AssertionError -->
          <reporter-output>
          </reporter-output>
        </test-method> <!-- validateNameFlow -->
        <test-method is-config="true" signature="tearDown()[pri:0, instance:tests.LoginTest@1a942c18]" started-at="2026-03-25T12:16:15 IST" name="tearDown" finished-at="2026-03-25T12:16:15 IST" duration-ms="847" status="PASS">
          <reporter-output>
          </reporter-output>
        </test-method> <!-- tearDown -->
        <test-method is-config="true" signature="setup()[pri:0, instance:tests.LoginTest@1a942c18]" started-at="2026-03-25T12:16:15 IST" name="setup" finished-at="2026-03-25T12:16:22 IST" duration-ms="6522" status="PASS">
          <reporter-output>
          </reporter-output>
        </test-method> <!-- setup -->
        <test-method signature="validateNameFlow(java.lang.String,java.lang.String,java.lang.String,java.lang.String,boolean)[pri:0, instance:tests.LoginTest@1a942c18]" started-at="2026-03-25T12:16:22 IST" name="validateNameFlow" data-provider="nameValidationCases" finished-at="2026-03-25T12:16:54 IST" duration-ms="31914" status="FAIL">
          <params>
            <param index="0">
              <value>
                <![CDATA[NAME_TC_04]]>
              </value>
            </param>
            <param index="1">
              <value>
                <![CDATA[Leading/trailing spaces (negative test case)]]>
              </value>
            </param>
            <param index="2">
              <value>
                <![CDATA[  Yash]]>
              </value>
            </param>
            <param index="3">
              <value>
                <![CDATA[Dhiman  ]]>
              </value>
            </param>
            <param index="4">
              <value>
                <![CDATA[false]]>
              </value>
            </param>
          </params>
          <exception class="java.lang.AssertionError">
            <message>
              <![CDATA[NAME_TC_04 - Invalid input navigated to mobile screen. This is FAIL by rule. expected [false] but found [true]]]>
            </message>
            <full-stacktrace>
              <![CDATA[java.lang.AssertionError: NAME_TC_04 - Invalid input navigated to mobile screen. This is FAIL by rule. expected [false] but found [true]
at org.testng.Assert.fail(Assert.java:111)
at org.testng.Assert.failNotEquals(Assert.java:1578)
at org.testng.Assert.assertFalse(Assert.java:79)
at tests.LoginTest.validateNameFlow(LoginTest.java:89)
at java.base/jdk.internal.reflect.DirectMethodHandleAccessor.invoke(DirectMethodHandleAccessor.java:104)
at java.base/java.lang.reflect.Method.invoke(Method.java:565)
at org.testng.internal.invokers.MethodInvocationHelper.invokeMethod(MethodInvocationHelper.java:141)
at org.testng.internal.invokers.TestInvoker.invokeMethod(TestInvoker.java:686)
at org.testng.internal.invokers.TestInvoker.invokeTestMethod(TestInvoker.java:230)
at org.testng.internal.invokers.MethodRunner.runInSequence(MethodRunner.java:63)
at org.testng.internal.invokers.TestInvoker$MethodInvocationAgent.invoke(TestInvoker.java:992)
at org.testng.internal.invokers.TestInvoker.invokeTestMethods(TestInvoker.java:203)
at org.testng.internal.invokers.TestMethodWorker.invokeTestMethods(TestMethodWorker.java:154)
at org.testng.internal.invokers.TestMethodWorker.run(TestMethodWorker.java:134)
at java.base/java.util.ArrayList.forEach(ArrayList.java:1604)
at org.testng.TestRunner.privateRun(TestRunner.java:739)
at org.testng.TestRunner.run(TestRunner.java:614)
at org.testng.SuiteRunner.runTest(SuiteRunner.java:421)
at org.testng.SuiteRunner.runSequentially(SuiteRunner.java:413)
at org.testng.SuiteRunner.privateRun(SuiteRunner.java:373)
at org.testng.SuiteRunner.run(SuiteRunner.java:312)
at org.testng.SuiteRunnerWorker.runSuite(SuiteRunnerWorker.java:52)
at org.testng.SuiteRunnerWorker.run(SuiteRunnerWorker.java:95)
at org.testng.TestNG.runSuitesSequentially(TestNG.java:1274)
at org.testng.TestNG.runSuitesLocally(TestNG.java:1208)
at org.testng.TestNG.runSuites(TestNG.java:1112)
at org.testng.TestNG.run(TestNG.java:1079)
at org.apache.maven.surefire.testng.TestNGExecutor.run(TestNGExecutor.java:308)
at org.apache.maven.surefire.testng.TestNGXmlTestSuite.execute(TestNGXmlTestSuite.java:71)
at org.apache.maven.surefire.testng.TestNGProvider.invoke(TestNGProvider.java:113)
at org.apache.maven.surefire.booter.ForkedBooter.runSuitesInProcess(ForkedBooter.java:385)
at org.apache.maven.surefire.booter.ForkedBooter.execute(ForkedBooter.java:162)
at org.apache.maven.surefire.booter.ForkedBooter.run(ForkedBooter.java:507)
at org.apache.maven.surefire.booter.ForkedBooter.main(ForkedBooter.java:495)
]]>
            </full-stacktrace>
          </exception> <!-- java.lang.AssertionError -->
          <reporter-output>
          </reporter-output>
        </test-method> <!-- validateNameFlow -->
        <test-method is-config="true" signature="tearDown()[pri:0, instance:tests.LoginTest@1a942c18]" started-at="2026-03-25T12:16:54 IST" name="tearDown" finished-at="2026-03-25T12:16:55 IST" duration-ms="872" status="PASS">
          <reporter-output>
          </reporter-output>
        </test-method> <!-- tearDown -->
        <test-method is-config="true" signature="setup()[pri:0, instance:tests.LoginTest@1a942c18]" started-at="2026-03-25T12:16:55 IST" name="setup" finished-at="2026-03-25T12:17:02 IST" duration-ms="7191" status="PASS">
          <reporter-output>
          </reporter-output>
        </test-method> <!-- setup -->
        <test-method signature="validateNameFlow(java.lang.String,java.lang.String,java.lang.String,java.lang.String,boolean)[pri:0, instance:tests.LoginTest@1a942c18]" started-at="2026-03-25T12:17:02 IST" name="validateNameFlow" data-provider="nameValidationCases" finished-at="2026-03-25T12:17:35 IST" duration-ms="32903" status="PASS">
          <params>
            <param index="0">
              <value>
                <![CDATA[NAME_TC_05]]>
              </value>
            </param>
            <param index="1">
              <value>
                <![CDATA[Empty first name]]>
              </value>
            </param>
            <param index="2">
              <value>
                <![CDATA[]]>
              </value>
            </param>
            <param index="3">
              <value>
                <![CDATA[Dhiman]]>
              </value>
            </param>
            <param index="4">
              <value>
                <![CDATA[false]]>
              </value>
            </param>
          </params>
          <reporter-output>
          </reporter-output>
        </test-method> <!-- validateNameFlow -->
        <test-method is-config="true" signature="tearDown()[pri:0, instance:tests.LoginTest@1a942c18]" started-at="2026-03-25T12:17:36 IST" name="tearDown" finished-at="2026-03-25T12:17:37 IST" duration-ms="1028" status="PASS">
          <reporter-output>
          </reporter-output>
        </test-method> <!-- tearDown -->
        <test-method is-config="true" signature="setup()[pri:0, instance:tests.LoginTest@1a942c18]" started-at="2026-03-25T12:17:37 IST" name="setup" finished-at="2026-03-25T12:17:44 IST" duration-ms="6584" status="PASS">
          <reporter-output>
          </reporter-output>
        </test-method> <!-- setup -->
        <test-method signature="validateNameFlow(java.lang.String,java.lang.String,java.lang.String,java.lang.String,boolean)[pri:0, instance:tests.LoginTest@1a942c18]" started-at="2026-03-25T12:17:44 IST" name="validateNameFlow" data-provider="nameValidationCases" finished-at="2026-03-25T12:18:15 IST" duration-ms="31273" status="PASS">
          <params>
            <param index="0">
              <value>
                <![CDATA[NAME_TC_06]]>
              </value>
            </param>
            <param index="1">
              <value>
                <![CDATA[Empty last name]]>
              </value>
            </param>
            <param index="2">
              <value>
                <![CDATA[Yash]]>
              </value>
            </param>
            <param index="3">
              <value>
                <![CDATA[]]>
              </value>
            </param>
            <param index="4">
              <value>
                <![CDATA[false]]>
              </value>
            </param>
          </params>
          <reporter-output>
          </reporter-output>
        </test-method> <!-- validateNameFlow -->
        <test-method is-config="true" signature="tearDown()[pri:0, instance:tests.LoginTest@1a942c18]" started-at="2026-03-25T12:18:16 IST" name="tearDown" finished-at="2026-03-25T12:18:17 IST" duration-ms="1036" status="PASS">
          <reporter-output>
          </reporter-output>
        </test-method> <!-- tearDown -->
        <test-method is-config="true" signature="setup()[pri:0, instance:tests.LoginTest@1a942c18]" started-at="2026-03-25T12:18:17 IST" name="setup" finished-at="2026-03-25T12:18:23 IST" duration-ms="6374" status="PASS">
          <reporter-output>
          </reporter-output>
        </test-method> <!-- setup -->
        <test-method signature="validateNameFlow(java.lang.String,java.lang.String,java.lang.String,java.lang.String,boolean)[pri:0, instance:tests.LoginTest@1a942c18]" started-at="2026-03-25T12:18:23 IST" name="validateNameFlow" data-provider="nameValidationCases" finished-at="2026-03-25T12:18:44 IST" duration-ms="20862" status="PASS">
          <params>
            <param index="0">
              <value>
                <![CDATA[NAME_TC_07]]>
              </value>
            </param>
            <param index="1">
              <value>
                <![CDATA[Both empty]]>
              </value>
            </param>
            <param index="2">
              <value>
                <![CDATA[]]>
              </value>
            </param>
            <param index="3">
              <value>
                <![CDATA[]]>
              </value>
            </param>
            <param index="4">
              <value>
                <![CDATA[false]]>
              </value>
            </param>
          </params>
          <reporter-output>
          </reporter-output>
        </test-method> <!-- validateNameFlow -->
        <test-method is-config="true" signature="tearDown()[pri:0, instance:tests.LoginTest@1a942c18]" started-at="2026-03-25T12:18:44 IST" name="tearDown" finished-at="2026-03-25T12:18:45 IST" duration-ms="785" status="PASS">
          <reporter-output>
          </reporter-output>
        </test-method> <!-- tearDown -->
        <test-method is-config="true" signature="setup()[pri:0, instance:tests.LoginTest@1a942c18]" started-at="2026-03-25T12:18:45 IST" name="setup" finished-at="2026-03-25T12:18:51 IST" duration-ms="6163" status="PASS">
          <reporter-output>
          </reporter-output>
        </test-method> <!-- setup -->
        <test-method signature="validateNameFlow(java.lang.String,java.lang.String,java.lang.String,java.lang.String,boolean)[pri:0, instance:tests.LoginTest@1a942c18]" started-at="2026-03-25T12:18:51 IST" name="validateNameFlow" data-provider="nameValidationCases" finished-at="2026-03-25T12:19:13 IST" duration-ms="21844" status="PASS">
          <params>
            <param index="0">
              <value>
                <![CDATA[NAME_TC_08]]>
              </value>
            </param>
            <param index="1">
              <value>
                <![CDATA[Only spaces]]>
              </value>
            </param>
            <param index="2">
              <value>
                <![CDATA[   ]]>
              </value>
            </param>
            <param index="3">
              <value>
                <![CDATA[   ]]>
              </value>
            </param>
            <param index="4">
              <value>
                <![CDATA[false]]>
              </value>
            </param>
          </params>
          <reporter-output>
          </reporter-output>
        </test-method> <!-- validateNameFlow -->
        <test-method is-config="true" signature="tearDown()[pri:0, instance:tests.LoginTest@1a942c18]" started-at="2026-03-25T12:19:14 IST" name="tearDown" finished-at="2026-03-25T12:19:16 IST" duration-ms="1688" status="PASS">
          <reporter-output>
          </reporter-output>
        </test-method> <!-- tearDown -->
        <test-method is-config="true" signature="setup()[pri:0, instance:tests.LoginTest@1a942c18]" started-at="2026-03-25T12:19:16 IST" name="setup" finished-at="2026-03-25T12:19:23 IST" duration-ms="7231" status="PASS">
          <reporter-output>
          </reporter-output>
        </test-method> <!-- setup -->
        <test-method signature="validateNameFlow(java.lang.String,java.lang.String,java.lang.String,java.lang.String,boolean)[pri:0, instance:tests.LoginTest@1a942c18]" started-at="2026-03-25T12:19:23 IST" name="validateNameFlow" data-provider="nameValidationCases" finished-at="2026-03-25T12:19:55 IST" duration-ms="32157" status="FAIL">
          <params>
            <param index="0">
              <value>
                <![CDATA[NAME_TC_09]]>
              </value>
            </param>
            <param index="1">
              <value>
                <![CDATA[Numeric first name]]>
              </value>
            </param>
            <param index="2">
              <value>
                <![CDATA[1234]]>
              </value>
            </param>
            <param index="3">
              <value>
                <![CDATA[Dhiman]]>
              </value>
            </param>
            <param index="4">
              <value>
                <![CDATA[false]]>
              </value>
            </param>
          </params>
          <exception class="java.lang.AssertionError">
            <message>
              <![CDATA[NAME_TC_09 - Invalid input navigated to mobile screen. This is FAIL by rule. expected [false] but found [true]]]>
            </message>
            <full-stacktrace>
              <![CDATA[java.lang.AssertionError: NAME_TC_09 - Invalid input navigated to mobile screen. This is FAIL by rule. expected [false] but found [true]
at org.testng.Assert.fail(Assert.java:111)
at org.testng.Assert.failNotEquals(Assert.java:1578)
at org.testng.Assert.assertFalse(Assert.java:79)
at tests.LoginTest.validateNameFlow(LoginTest.java:89)
at java.base/jdk.internal.reflect.DirectMethodHandleAccessor.invoke(DirectMethodHandleAccessor.java:104)
at java.base/java.lang.reflect.Method.invoke(Method.java:565)
at org.testng.internal.invokers.MethodInvocationHelper.invokeMethod(MethodInvocationHelper.java:141)
at org.testng.internal.invokers.TestInvoker.invokeMethod(TestInvoker.java:686)
at org.testng.internal.invokers.TestInvoker.invokeTestMethod(TestInvoker.java:230)
at org.testng.internal.invokers.MethodRunner.runInSequence(MethodRunner.java:63)
at org.testng.internal.invokers.TestInvoker$MethodInvocationAgent.invoke(TestInvoker.java:992)
at org.testng.internal.invokers.TestInvoker.invokeTestMethods(TestInvoker.java:203)
at org.testng.internal.invokers.TestMethodWorker.invokeTestMethods(TestMethodWorker.java:154)
at org.testng.internal.invokers.TestMethodWorker.run(TestMethodWorker.java:134)
at java.base/java.util.ArrayList.forEach(ArrayList.java:1604)
at org.testng.TestRunner.privateRun(TestRunner.java:739)
at org.testng.TestRunner.run(TestRunner.java:614)
at org.testng.SuiteRunner.runTest(SuiteRunner.java:421)
at org.testng.SuiteRunner.runSequentially(SuiteRunner.java:413)
at org.testng.SuiteRunner.privateRun(SuiteRunner.java:373)
at org.testng.SuiteRunner.run(SuiteRunner.java:312)
at org.testng.SuiteRunnerWorker.runSuite(SuiteRunnerWorker.java:52)
at org.testng.SuiteRunnerWorker.run(SuiteRunnerWorker.java:95)
at org.testng.TestNG.runSuitesSequentially(TestNG.java:1274)
at org.testng.TestNG.runSuitesLocally(TestNG.java:1208)
at org.testng.TestNG.runSuites(TestNG.java:1112)
at org.testng.TestNG.run(TestNG.java:1079)
at org.apache.maven.surefire.testng.TestNGExecutor.run(TestNGExecutor.java:308)
at org.apache.maven.surefire.testng.TestNGXmlTestSuite.execute(TestNGXmlTestSuite.java:71)
at org.apache.maven.surefire.testng.TestNGProvider.invoke(TestNGProvider.java:113)
at org.apache.maven.surefire.booter.ForkedBooter.runSuitesInProcess(ForkedBooter.java:385)
at org.apache.maven.surefire.booter.ForkedBooter.execute(ForkedBooter.java:162)
at org.apache.maven.surefire.booter.ForkedBooter.run(ForkedBooter.java:507)
at org.apache.maven.surefire.booter.ForkedBooter.main(ForkedBooter.java:495)
]]>
            </full-stacktrace>
          </exception> <!-- java.lang.AssertionError -->
          <reporter-output>
          </reporter-output>
        </test-method> <!-- validateNameFlow -->
        <test-method is-config="true" signature="tearDown()[pri:0, instance:tests.LoginTest@1a942c18]" started-at="2026-03-25T12:19:56 IST" name="tearDown" finished-at="2026-03-25T12:19:57 IST" duration-ms="886" status="PASS">
          <reporter-output>
          </reporter-output>
        </test-method> <!-- tearDown -->
        <test-method is-config="true" signature="setup()[pri:0, instance:tests.LoginTest@1a942c18]" started-at="2026-03-25T12:19:57 IST" name="setup" finished-at="2026-03-25T12:20:03 IST" duration-ms="6499" status="PASS">
          <reporter-output>
          </reporter-output>
        </test-method> <!-- setup -->
        <test-method signature="validateNameFlow(java.lang.String,java.lang.String,java.lang.String,java.lang.String,boolean)[pri:0, instance:tests.LoginTest@1a942c18]" started-at="2026-03-25T12:20:03 IST" name="validateNameFlow" data-provider="nameValidationCases" finished-at="2026-03-25T12:20:35 IST" duration-ms="31951" status="FAIL">
          <params>
            <param index="0">
              <value>
                <![CDATA[NAME_TC_10]]>
              </value>
            </param>
            <param index="1">
              <value>
                <![CDATA[Special chars in names]]>
              </value>
            </param>
            <param index="2">
              <value>
                <![CDATA[@#$]]>
              </value>
            </param>
            <param index="3">
              <value>
                <![CDATA[%^&]]>
              </value>
            </param>
            <param index="4">
              <value>
                <![CDATA[false]]>
              </value>
            </param>
          </params>
          <exception class="java.lang.AssertionError">
            <message>
              <![CDATA[NAME_TC_10 - Invalid input navigated to mobile screen. This is FAIL by rule. expected [false] but found [true]]]>
            </message>
            <full-stacktrace>
              <![CDATA[java.lang.AssertionError: NAME_TC_10 - Invalid input navigated to mobile screen. This is FAIL by rule. expected [false] but found [true]
at org.testng.Assert.fail(Assert.java:111)
at org.testng.Assert.failNotEquals(Assert.java:1578)
at org.testng.Assert.assertFalse(Assert.java:79)
at tests.LoginTest.validateNameFlow(LoginTest.java:89)
at java.base/jdk.internal.reflect.DirectMethodHandleAccessor.invoke(DirectMethodHandleAccessor.java:104)
at java.base/java.lang.reflect.Method.invoke(Method.java:565)
at org.testng.internal.invokers.MethodInvocationHelper.invokeMethod(MethodInvocationHelper.java:141)
at org.testng.internal.invokers.TestInvoker.invokeMethod(TestInvoker.java:686)
at org.testng.internal.invokers.TestInvoker.invokeTestMethod(TestInvoker.java:230)
at org.testng.internal.invokers.MethodRunner.runInSequence(MethodRunner.java:63)
at org.testng.internal.invokers.TestInvoker$MethodInvocationAgent.invoke(TestInvoker.java:992)
at org.testng.internal.invokers.TestInvoker.invokeTestMethods(TestInvoker.java:203)
at org.testng.internal.invokers.TestMethodWorker.invokeTestMethods(TestMethodWorker.java:154)
at org.testng.internal.invokers.TestMethodWorker.run(TestMethodWorker.java:134)
at java.base/java.util.ArrayList.forEach(ArrayList.java:1604)
at org.testng.TestRunner.privateRun(TestRunner.java:739)
at org.testng.TestRunner.run(TestRunner.java:614)
at org.testng.SuiteRunner.runTest(SuiteRunner.java:421)
at org.testng.SuiteRunner.runSequentially(SuiteRunner.java:413)
at org.testng.SuiteRunner.privateRun(SuiteRunner.java:373)
at org.testng.SuiteRunner.run(SuiteRunner.java:312)
at org.testng.SuiteRunnerWorker.runSuite(SuiteRunnerWorker.java:52)
at org.testng.SuiteRunnerWorker.run(SuiteRunnerWorker.java:95)
at org.testng.TestNG.runSuitesSequentially(TestNG.java:1274)
at org.testng.TestNG.runSuitesLocally(TestNG.java:1208)
at org.testng.TestNG.runSuites(TestNG.java:1112)
at org.testng.TestNG.run(TestNG.java:1079)
at org.apache.maven.surefire.testng.TestNGExecutor.run(TestNGExecutor.java:308)
at org.apache.maven.surefire.testng.TestNGXmlTestSuite.execute(TestNGXmlTestSuite.java:71)
at org.apache.maven.surefire.testng.TestNGProvider.invoke(TestNGProvider.java:113)
at org.apache.maven.surefire.booter.ForkedBooter.runSuitesInProcess(ForkedBooter.java:385)
at org.apache.maven.surefire.booter.ForkedBooter.execute(ForkedBooter.java:162)
at org.apache.maven.surefire.booter.ForkedBooter.run(ForkedBooter.java:507)
at org.apache.maven.surefire.booter.ForkedBooter.main(ForkedBooter.java:495)
]]>
            </full-stacktrace>
          </exception> <!-- java.lang.AssertionError -->
          <reporter-output>
          </reporter-output>
        </test-method> <!-- validateNameFlow -->
        <test-method is-config="true" signature="tearDown()[pri:0, instance:tests.LoginTest@1a942c18]" started-at="2026-03-25T12:20:36 IST" name="tearDown" finished-at="2026-03-25T12:20:37 IST" duration-ms="1041" status="PASS">
          <reporter-output>
          </reporter-output>
        </test-method> <!-- tearDown -->
        <test-method is-config="true" signature="setup()[pri:0, instance:tests.LoginTest@1a942c18]" started-at="2026-03-25T12:20:37 IST" name="setup" finished-at="2026-03-25T12:20:43 IST" duration-ms="6448" status="PASS">
          <reporter-output>
          </reporter-output>
        </test-method> <!-- setup -->
        <test-method signature="validateNameFlow(java.lang.String,java.lang.String,java.lang.String,java.lang.String,boolean)[pri:0, instance:tests.LoginTest@1a942c18]" started-at="2026-03-25T12:20:43 IST" name="validateNameFlow" data-provider="nameValidationCases" finished-at="2026-03-25T12:21:15 IST" duration-ms="31734" status="FAIL">
          <params>
            <param index="0">
              <value>
                <![CDATA[NAME_TC_11]]>
              </value>
            </param>
            <param index="1">
              <value>
                <![CDATA[Long text 255+]]>
              </value>
            </param>
            <param index="2">
              <value>
                <![CDATA[AAAAAAAAAAAAAAAAAAAAAAAAAAAAAAAAAAAAAAAAAAAAAAAAAAAAAAAAAAAAAAAAAAAAAAAAAAAAAAAAAAAAAAAAAAAAAAAAAAAAAAAAAAAAAAAAAAAAAAAAAAAAAAAAAAAAAAAAAAAAAAAAAAAAAAAAAAAAAAAAAAAAAAAAAAAAAAAAAAAAAAAAAAAAAAAAAAAAAAAAAAAAAAAAAAAAAAAAAAAAAAAAAAAAAAAAAAAAAAAAAAAAAAAAAAAAAAAAAAAA]]>
              </value>
            </param>
            <param index="3">
              <value>
                <![CDATA[AAAAAAAAAAAAAAAAAAAAAAAAAAAAAAAAAAAAAAAAAAAAAAAAAAAAAAAAAAAAAAAAAAAAAAAAAAAAAAAAAAAAAAAAAAAAAAAAAAAAAAAAAAAAAAAAAAAAAAAAAAAAAAAAAAAAAAAAAAAAAAAAAAAAAAAAAAAAAAAAAAAAAAAAAAAAAAAAAAAAAAAAAAAAAAAAAAAAAAAAAAAAAAAAAAAAAAAAAAAAAAAAAAAAAAAAAAAAAAAAAAAAAAAAAAAAAAAAAAAA]]>
              </value>
            </param>
            <param index="4">
              <value>
                <![CDATA[false]]>
              </value>
            </param>
          </params>
          <exception class="java.lang.AssertionError">
            <message>
              <![CDATA[NAME_TC_11 - Invalid input navigated to mobile screen. This is FAIL by rule. expected [false] but found [true]]]>
            </message>
            <full-stacktrace>
              <![CDATA[java.lang.AssertionError: NAME_TC_11 - Invalid input navigated to mobile screen. This is FAIL by rule. expected [false] but found [true]
at org.testng.Assert.fail(Assert.java:111)
at org.testng.Assert.failNotEquals(Assert.java:1578)
at org.testng.Assert.assertFalse(Assert.java:79)
at tests.LoginTest.validateNameFlow(LoginTest.java:89)
at java.base/jdk.internal.reflect.DirectMethodHandleAccessor.invoke(DirectMethodHandleAccessor.java:104)
at java.base/java.lang.reflect.Method.invoke(Method.java:565)
at org.testng.internal.invokers.MethodInvocationHelper.invokeMethod(MethodInvocationHelper.java:141)
at org.testng.internal.invokers.TestInvoker.invokeMethod(TestInvoker.java:686)
at org.testng.internal.invokers.TestInvoker.invokeTestMethod(TestInvoker.java:230)
at org.testng.internal.invokers.MethodRunner.runInSequence(MethodRunner.java:63)
at org.testng.internal.invokers.TestInvoker$MethodInvocationAgent.invoke(TestInvoker.java:992)
at org.testng.internal.invokers.TestInvoker.invokeTestMethods(TestInvoker.java:203)
at org.testng.internal.invokers.TestMethodWorker.invokeTestMethods(TestMethodWorker.java:154)
at org.testng.internal.invokers.TestMethodWorker.run(TestMethodWorker.java:134)
at java.base/java.util.ArrayList.forEach(ArrayList.java:1604)
at org.testng.TestRunner.privateRun(TestRunner.java:739)
at org.testng.TestRunner.run(TestRunner.java:614)
at org.testng.SuiteRunner.runTest(SuiteRunner.java:421)
at org.testng.SuiteRunner.runSequentially(SuiteRunner.java:413)
at org.testng.SuiteRunner.privateRun(SuiteRunner.java:373)
at org.testng.SuiteRunner.run(SuiteRunner.java:312)
at org.testng.SuiteRunnerWorker.runSuite(SuiteRunnerWorker.java:52)
at org.testng.SuiteRunnerWorker.run(SuiteRunnerWorker.java:95)
at org.testng.TestNG.runSuitesSequentially(TestNG.java:1274)
at org.testng.TestNG.runSuitesLocally(TestNG.java:1208)
at org.testng.TestNG.runSuites(TestNG.java:1112)
at org.testng.TestNG.run(TestNG.java:1079)
at org.apache.maven.surefire.testng.TestNGExecutor.run(TestNGExecutor.java:308)
at org.apache.maven.surefire.testng.TestNGXmlTestSuite.execute(TestNGXmlTestSuite.java:71)
at org.apache.maven.surefire.testng.TestNGProvider.invoke(TestNGProvider.java:113)
at org.apache.maven.surefire.booter.ForkedBooter.runSuitesInProcess(ForkedBooter.java:385)
at org.apache.maven.surefire.booter.ForkedBooter.execute(ForkedBooter.java:162)
at org.apache.maven.surefire.booter.ForkedBooter.run(ForkedBooter.java:507)
at org.apache.maven.surefire.booter.ForkedBooter.main(ForkedBooter.java:495)
]]>
            </full-stacktrace>
          </exception> <!-- java.lang.AssertionError -->
          <reporter-output>
          </reporter-output>
        </test-method> <!-- validateNameFlow -->
        <test-method is-config="true" signature="tearDown()[pri:0, instance:tests.LoginTest@1a942c18]" started-at="2026-03-25T12:21:16 IST" name="tearDown" finished-at="2026-03-25T12:21:16 IST" duration-ms="846" status="PASS">
          <reporter-output>
          </reporter-output>
        </test-method> <!-- tearDown -->
      </class> <!-- tests.LoginTest -->
    </test> <!-- NameFieldValidationTests -->
  </suite> <!-- StoexSuite -->
</testng-results>
